<?xml version="1.0" encoding="UTF-8"?>
<!-- Generated by org.testng.reporters.JUnitReportReporter -->
<testsuite hostname="DESKTOP-KJI7EVB" failures="0" tests="1" name="com.jupiter.testScripts.TC1" time="41.930" errors="0" timestamp="2023-02-20T04:31:24 AEDT" skipped="0">
  <testcase classname="com.jupiter.testScripts.TC1" name="testcase1" time="41.930"/>
  <system-out/>
</testsuite> <!-- com.jupiter.testScripts.TC1 -->
