<?xml version="1.0" encoding="UTF-8"?>
<!-- Generated by org.testng.reporters.JUnitReportReporter -->
<testsuite hostname="DESKTOP-KJI7EVB" failures="0" tests="1" name="com.jupiter.testScripts.TC2_ContactPage_SuccessMessage" time="33.713" errors="0" timestamp="2023-02-20T14:48:37 AEDT" skipped="0">
  <testcase classname="com.jupiter.testScripts.TC2_ContactPage_SuccessMessage" name="testcase2" time="33.713"/>
  <system-out/>
</testsuite> <!-- com.jupiter.testScripts.TC2_ContactPage_SuccessMessage -->
