<?xml version="1.0" encoding="UTF-8"?>
<!-- Generated by org.testng.reporters.JUnitReportReporter -->
<testsuite hostname="DESKTOP-KJI7EVB" failures="0" tests="1" name="com.jupiter.testScripts.TC3_CartPageVerification" time="44.727" errors="0" timestamp="2023-02-20T14:48:37 AEDT" skipped="0">
  <testcase classname="com.jupiter.testScripts.TC3_CartPageVerification" name="testcase3" time="44.727"/>
  <system-out/>
</testsuite> <!-- com.jupiter.testScripts.TC3_CartPageVerification -->
